<?xml version="1.0" encoding="UTF-8"?>
<testng-results skipped="0" failed="0" total="1" passed="1">
  <reporter-output>
  </reporter-output>
  <suite name="Default suite" duration-ms="69909" started-at="2018-09-23T11:45:52Z" finished-at="2018-09-23T11:47:02Z">
    <groups>
    </groups>
    <test name="Default test" duration-ms="69909" started-at="2018-09-23T11:45:52Z" finished-at="2018-09-23T11:47:02Z">
      <class name="com.pdfbox.ReadPdfWithURL">
        <test-method status="PASS" signature="readPDFText()[pri:0, instance:com.pdfbox.ReadPdfWithURL@7ca48474]" name="readPDFText" duration-ms="65973" started-at="2018-09-23T19:45:52Z" finished-at="2018-09-23T19:46:58Z">
          <reporter-output>
          </reporter-output>
        </test-method> <!-- readPDFText -->
        <test-method status="PASS" signature="closeBrowser()[pri:0, instance:com.pdfbox.ReadPdfWithURL@7ca48474]" name="closeBrowser" is-config="true" duration-ms="3835" started-at="2018-09-23T19:46:58Z" finished-at="2018-09-23T19:47:02Z">
          <reporter-output>
          </reporter-output>
        </test-method> <!-- closeBrowser -->
      </class> <!-- com.pdfbox.ReadPdfWithURL -->
    </test> <!-- Default test -->
  </suite> <!-- Default suite -->
</testng-results>
